CRITICAL - 2024-06-05 06:48:19 --> ArgumentCountError: Too few arguments to function App\Controllers\Home::edit(), 0 passed in C:\xampp\htdocs\intern\system\CodeIgniter.php on line 933 and exactly 1 expected
[Method: GET, Route: edit]
in APPPATH\Controllers\Home.php on line 68.
 1 SYSTEMPATH\CodeIgniter.php(933): App\Controllers\Home->edit()
 2 SYSTEMPATH\CodeIgniter.php(509): CodeIgniter\CodeIgniter->runController(Object(App\Controllers\Home))
 3 SYSTEMPATH\CodeIgniter.php(355): CodeIgniter\CodeIgniter->handleRequest(null, Object(Config\Cache), false)
 4 SYSTEMPATH\Boot.php(312): CodeIgniter\CodeIgniter->run()
 5 SYSTEMPATH\Boot.php(67): CodeIgniter\Boot::runCodeIgniter(Object(CodeIgniter\CodeIgniter))
 6 FCPATH\index.php(56): CodeIgniter\Boot::bootWeb(Object(Config\Paths))
CRITICAL - 2024-06-05 06:48:33 --> ArgumentCountError: Too few arguments to function App\Controllers\Home::edit(), 0 passed in C:\xampp\htdocs\intern\system\CodeIgniter.php on line 933 and exactly 1 expected
[Method: GET, Route: edit]
in APPPATH\Controllers\Home.php on line 68.
 1 SYSTEMPATH\CodeIgniter.php(933): App\Controllers\Home->edit()
 2 SYSTEMPATH\CodeIgniter.php(509): CodeIgniter\CodeIgniter->runController(Object(App\Controllers\Home))
 3 SYSTEMPATH\CodeIgniter.php(355): CodeIgniter\CodeIgniter->handleRequest(null, Object(Config\Cache), false)
 4 SYSTEMPATH\Boot.php(312): CodeIgniter\CodeIgniter->run()
 5 SYSTEMPATH\Boot.php(67): CodeIgniter\Boot::runCodeIgniter(Object(CodeIgniter\CodeIgniter))
 6 FCPATH\index.php(56): CodeIgniter\Boot::bootWeb(Object(Config\Paths))
CRITICAL - 2024-06-05 06:59:20 --> Error: Call to undefined method CodeIgniter\Database\MySQLi\Result::delete()
[Method: POST, Route: Home/deletedata/3]
in APPPATH\Controllers\Home.php on line 81.
 1 SYSTEMPATH\CodeIgniter.php(933): App\Controllers\Home->deletedata('3')
 2 SYSTEMPATH\CodeIgniter.php(509): CodeIgniter\CodeIgniter->runController(Object(App\Controllers\Home))
 3 SYSTEMPATH\CodeIgniter.php(355): CodeIgniter\CodeIgniter->handleRequest(null, Object(Config\Cache), false)
 4 SYSTEMPATH\Boot.php(312): CodeIgniter\CodeIgniter->run()
 5 SYSTEMPATH\Boot.php(67): CodeIgniter\Boot::runCodeIgniter(Object(CodeIgniter\CodeIgniter))
 6 FCPATH\index.php(56): CodeIgniter\Boot::bootWeb(Object(Config\Paths))
